{"/Users/vietman2/workspace/Sweepseries/catchb/src/contexts/auth/AuthContext.tsx": {"path":"/Users/vietman2/workspace/Sweepseries/catchb/src/contexts/auth/AuthContext.tsx","statementMap":{"0":{"start":{"line":18,"column":20},"end":{"line":18,"column":73}},"1":{"start":{"line":20,"column":69},"end":{"line":183,"column":1}},"2":{"start":{"line":23,"column":26},"end":{"line":23,"column":71}},"3":{"start":{"line":25,"column":16},"end":{"line":53,"column":3}},"4":{"start":{"line":29,"column":4},"end":{"line":52,"column":5}},"5":{"start":{"line":30,"column":23},"end":{"line":41,"column":7}},"6":{"start":{"line":43,"column":6},"end":{"line":45,"column":43}},"7":{"start":{"line":47,"column":6},"end":{"line":47,"column":62}},"8":{"start":{"line":49,"column":6},"end":{"line":49,"column":27}},"9":{"start":{"line":51,"column":6},"end":{"line":51,"column":18}},"10":{"start":{"line":55,"column":22},"end":{"line":82,"column":3}},"11":{"start":{"line":56,"column":4},"end":{"line":81,"column":5}},"12":{"start":{"line":57,"column":23},"end":{"line":67,"column":7}},"13":{"start":{"line":69,"column":6},"end":{"line":71,"column":7}},"14":{"start":{"line":70,"column":8},"end":{"line":70,"column":26}},"15":{"start":{"line":73,"column":6},"end":{"line":75,"column":43}},"16":{"start":{"line":76,"column":6},"end":{"line":76,"column":62}},"17":{"start":{"line":78,"column":6},"end":{"line":78,"column":27}},"18":{"start":{"line":80,"column":6},"end":{"line":80,"column":18}},"19":{"start":{"line":84,"column":17},"end":{"line":104,"column":3}},"20":{"start":{"line":88,"column":4},"end":{"line":103,"column":5}},"21":{"start":{"line":89,"column":27},"end":{"line":89,"column":58}},"22":{"start":{"line":91,"column":6},"end":{"line":93,"column":9}},"23":{"start":{"line":95,"column":6},"end":{"line":95,"column":60}},"24":{"start":{"line":96,"column":6},"end":{"line":96,"column":41}},"25":{"start":{"line":98,"column":6},"end":{"line":98,"column":23}},"26":{"start":{"line":100,"column":6},"end":{"line":100,"column":18}},"27":{"start":{"line":102,"column":6},"end":{"line":102,"column":18}},"28":{"start":{"line":106,"column":2},"end":{"line":178,"column":9}},"29":{"start":{"line":107,"column":32},"end":{"line":140,"column":5}},"30":{"start":{"line":112,"column":6},"end":{"line":139,"column":7}},"31":{"start":{"line":113,"column":29},"end":{"line":113,"column":60}},"32":{"start":{"line":114,"column":25},"end":{"line":124,"column":9}},"33":{"start":{"line":126,"column":8},"end":{"line":128,"column":45}},"34":{"start":{"line":129,"column":8},"end":{"line":129,"column":64}},"35":{"start":{"line":131,"column":8},"end":{"line":131,"column":29}},"36":{"start":{"line":133,"column":8},"end":{"line":133,"column":62}},"37":{"start":{"line":134,"column":8},"end":{"line":134,"column":43}},"38":{"start":{"line":136,"column":8},"end":{"line":136,"column":25}},"39":{"start":{"line":138,"column":8},"end":{"line":138,"column":20}},"40":{"start":{"line":142,"column":40},"end":{"line":169,"column":5}},"41":{"start":{"line":143,"column":20},"end":{"line":143,"column":28}},"42":{"start":{"line":145,"column":32},"end":{"line":145,"column":44}},"43":{"start":{"line":147,"column":8},"end":{"line":166,"column":9}},"44":{"start":{"line":153,"column":10},"end":{"line":153,"column":40}},"45":{"start":{"line":155,"column":27},"end":{"line":155,"column":54}},"46":{"start":{"line":156,"column":10},"end":{"line":165,"column":11}},"47":{"start":{"line":157,"column":35},"end":{"line":157,"column":50}},"48":{"start":{"line":159,"column":12},"end":{"line":161,"column":43}},"49":{"start":{"line":162,"column":12},"end":{"line":162,"column":42}},"50":{"start":{"line":164,"column":12},"end":{"line":164,"column":21}},"51":{"start":{"line":167,"column":8},"end":{"line":167,"column":37}},"52":{"start":{"line":172,"column":4},"end":{"line":172,"column":26}},"53":{"start":{"line":175,"column":4},"end":{"line":177,"column":6}},"54":{"start":{"line":176,"column":6},"end":{"line":176,"column":69}},"55":{"start":{"line":180,"column":16},"end":{"line":180,"column":77}},"56":{"start":{"line":180,"column":31},"end":{"line":180,"column":67}},"57":{"start":{"line":182,"column":2},"end":{"line":182,"column":79}},"58":{"start":{"line":185,"column":23},"end":{"line":192,"column":1}},"59":{"start":{"line":186,"column":18},"end":{"line":186,"column":41}},"60":{"start":{"line":188,"column":2},"end":{"line":190,"column":3}},"61":{"start":{"line":189,"column":4},"end":{"line":189,"column":67}},"62":{"start":{"line":191,"column":2},"end":{"line":191,"column":17}}},"fnMap":{"0":{"name":"(anonymous_0)","decl":{"start":{"line":20,"column":69},"end":{"line":20,"column":70}},"loc":{"start":{"line":22,"column":6},"end":{"line":183,"column":1}},"line":22},"1":{"name":"(anonymous_1)","decl":{"start":{"line":25,"column":16},"end":{"line":25,"column":17}},"loc":{"start":{"line":25,"column":62},"end":{"line":53,"column":3}},"line":25},"2":{"name":"(anonymous_2)","decl":{"start":{"line":55,"column":22},"end":{"line":55,"column":23}},"loc":{"start":{"line":55,"column":53},"end":{"line":82,"column":3}},"line":55},"3":{"name":"(anonymous_3)","decl":{"start":{"line":84,"column":17},"end":{"line":84,"column":18}},"loc":{"start":{"line":84,"column":29},"end":{"line":104,"column":3}},"line":84},"4":{"name":"(anonymous_4)","decl":{"start":{"line":106,"column":12},"end":{"line":106,"column":13}},"loc":{"start":{"line":106,"column":18},"end":{"line":178,"column":3}},"line":106},"5":{"name":"(anonymous_5)","decl":{"start":{"line":107,"column":32},"end":{"line":107,"column":33}},"loc":{"start":{"line":107,"column":44},"end":{"line":140,"column":5}},"line":107},"6":{"name":"(anonymous_6)","decl":{"start":{"line":143,"column":6},"end":{"line":143,"column":7}},"loc":{"start":{"line":143,"column":20},"end":{"line":143,"column":28}},"line":143},"7":{"name":"(anonymous_7)","decl":{"start":{"line":144,"column":6},"end":{"line":144,"column":7}},"loc":{"start":{"line":144,"column":23},"end":{"line":168,"column":7}},"line":144},"8":{"name":"(anonymous_8)","decl":{"start":{"line":175,"column":11},"end":{"line":175,"column":12}},"loc":{"start":{"line":175,"column":17},"end":{"line":177,"column":5}},"line":175},"9":{"name":"(anonymous_9)","decl":{"start":{"line":180,"column":24},"end":{"line":180,"column":25}},"loc":{"start":{"line":180,"column":31},"end":{"line":180,"column":67}},"line":180},"10":{"name":"(anonymous_10)","decl":{"start":{"line":185,"column":23},"end":{"line":185,"column":24}},"loc":{"start":{"line":185,"column":29},"end":{"line":192,"column":1}},"line":185}},"branchMap":{"0":{"loc":{"start":{"line":69,"column":6},"end":{"line":71,"column":7}},"type":"if","locations":[{"start":{"line":69,"column":6},"end":{"line":71,"column":7}},{"start":{},"end":{}}],"line":69},"1":{"loc":{"start":{"line":147,"column":8},"end":{"line":166,"column":9}},"type":"if","locations":[{"start":{"line":147,"column":8},"end":{"line":166,"column":9}},{"start":{},"end":{}}],"line":147},"2":{"loc":{"start":{"line":148,"column":10},"end":{"line":151,"column":33}},"type":"binary-expr","locations":[{"start":{"line":148,"column":10},"end":{"line":148,"column":24}},{"start":{"line":149,"column":10},"end":{"line":149,"column":39}},{"start":{"line":150,"column":10},"end":{"line":150,"column":56}},{"start":{"line":151,"column":10},"end":{"line":151,"column":33}}],"line":148},"3":{"loc":{"start":{"line":156,"column":10},"end":{"line":165,"column":11}},"type":"if","locations":[{"start":{"line":156,"column":10},"end":{"line":165,"column":11}},{"start":{"line":163,"column":17},"end":{"line":165,"column":11}}],"line":156},"4":{"loc":{"start":{"line":188,"column":2},"end":{"line":190,"column":3}},"type":"if","locations":[{"start":{"line":188,"column":2},"end":{"line":190,"column":3}},{"start":{},"end":{}}],"line":188}},"s":{"0":1,"1":1,"2":7,"3":7,"4":2,"5":2,"6":2,"7":1,"8":1,"9":1,"10":7,"11":3,"12":3,"13":3,"14":1,"15":1,"16":1,"17":1,"18":1,"19":7,"20":3,"21":3,"22":2,"23":2,"24":2,"25":2,"26":2,"27":1,"28":7,"29":7,"30":9,"31":9,"32":8,"33":8,"34":5,"35":5,"36":4,"37":4,"38":4,"39":4,"40":7,"41":1,"42":3,"43":3,"44":2,"45":2,"46":2,"47":1,"48":1,"49":1,"50":1,"51":2,"52":7,"53":7,"54":7,"55":7,"56":7,"57":7,"58":1,"59":10,"60":9,"61":2,"62":7},"f":{"0":7,"1":2,"2":3,"3":3,"4":7,"5":9,"6":1,"7":3,"8":7,"9":7,"10":10},"b":{"0":[1,1],"1":[2,1],"2":[3,3,2,2],"3":[1,1],"4":[2,7]},"_coverageSchema":"1a1c01bbd47fc00a2c39e90264f33305004495a9","hash":"34bd5fb3a331f40f345d41e2772caffda2deaa1b"}
,"/Users/vietman2/workspace/Sweepseries/catchb/src/contexts/theme/ThemeContext.tsx": {"path":"/Users/vietman2/workspace/Sweepseries/catchb/src/contexts/theme/ThemeContext.tsx","statementMap":{"0":{"start":{"line":11,"column":21},"end":{"line":14,"column":2}},"1":{"start":{"line":16,"column":70},"end":{"line":35,"column":1}},"2":{"start":{"line":19,"column":28},"end":{"line":19,"column":44}},"3":{"start":{"line":20,"column":40},"end":{"line":22,"column":3}},"4":{"start":{"line":24,"column":2},"end":{"line":26,"column":26}},"5":{"start":{"line":25,"column":4},"end":{"line":25,"column":68}},"6":{"start":{"line":28,"column":16},"end":{"line":28,"column":65}},"7":{"start":{"line":30,"column":16},"end":{"line":30,"column":77}},"8":{"start":{"line":30,"column":31},"end":{"line":30,"column":53}},"9":{"start":{"line":32,"column":2},"end":{"line":34,"column":4}},"10":{"start":{"line":38,"column":2},"end":{"line":38,"column":34}}},"fnMap":{"0":{"name":"(anonymous_0)","decl":{"start":{"line":16,"column":70},"end":{"line":16,"column":71}},"loc":{"start":{"line":18,"column":6},"end":{"line":35,"column":1}},"line":18},"1":{"name":"(anonymous_1)","decl":{"start":{"line":24,"column":12},"end":{"line":24,"column":13}},"loc":{"start":{"line":24,"column":18},"end":{"line":26,"column":3}},"line":24},"2":{"name":"(anonymous_2)","decl":{"start":{"line":30,"column":24},"end":{"line":30,"column":25}},"loc":{"start":{"line":30,"column":31},"end":{"line":30,"column":53}},"line":30},"3":{"name":"useTheme","decl":{"start":{"line":37,"column":16},"end":{"line":37,"column":24}},"loc":{"start":{"line":37,"column":27},"end":{"line":39,"column":1}},"line":37}},"branchMap":{"0":{"loc":{"start":{"line":21,"column":4},"end":{"line":21,"column":51}},"type":"cond-expr","locations":[{"start":{"line":21,"column":35},"end":{"line":21,"column":41}},{"start":{"line":21,"column":44},"end":{"line":21,"column":51}}],"line":21},"1":{"loc":{"start":{"line":25,"column":19},"end":{"line":25,"column":66}},"type":"cond-expr","locations":[{"start":{"line":25,"column":50},"end":{"line":25,"column":56}},{"start":{"line":25,"column":59},"end":{"line":25,"column":66}}],"line":25},"2":{"loc":{"start":{"line":28,"column":16},"end":{"line":28,"column":65}},"type":"cond-expr","locations":[{"start":{"line":28,"column":41},"end":{"line":28,"column":51}},{"start":{"line":28,"column":54},"end":{"line":28,"column":65}}],"line":28}},"s":{"0":1,"1":1,"2":2,"3":2,"4":2,"5":2,"6":2,"7":2,"8":2,"9":2,"10":2},"f":{"0":2,"1":2,"2":2,"3":2},"b":{"0":[1,1],"1":[1,1],"2":[1,1]},"_coverageSchema":"1a1c01bbd47fc00a2c39e90264f33305004495a9","hash":"bc586ad5cb6a872adb245fea61266492639a6f50"}
,"/Users/vietman2/workspace/Sweepseries/catchb/src/contexts/theme/colors.ts": {"path":"/Users/vietman2/workspace/Sweepseries/catchb/src/contexts/theme/colors.ts","statementMap":{"0":{"start":{"line":14,"column":43},"end":{"line":25,"column":1}},"1":{"start":{"line":27,"column":42},"end":{"line":38,"column":1}}},"fnMap":{},"branchMap":{},"s":{"0":1,"1":1},"f":{},"b":{},"_coverageSchema":"1a1c01bbd47fc00a2c39e90264f33305004495a9","hash":"5d84514b887ece43bd5cb0e4370717d34e9ffa34"}
,"/Users/vietman2/workspace/Sweepseries/catchb/src/services/app/initialize.ts": {"path":"/Users/vietman2/workspace/Sweepseries/catchb/src/services/app/initialize.ts","statementMap":{"0":{"start":{"line":4,"column":2},"end":{"line":10,"column":3}},"1":{"start":{"line":5,"column":21},"end":{"line":5,"column":55}},"2":{"start":{"line":7,"column":4},"end":{"line":7,"column":25}},"3":{"start":{"line":9,"column":4},"end":{"line":9,"column":16}}},"fnMap":{"0":{"name":"initialize","decl":{"start":{"line":3,"column":22},"end":{"line":3,"column":32}},"loc":{"start":{"line":3,"column":35},"end":{"line":11,"column":1}},"line":3}},"branchMap":{},"s":{"0":2,"1":2,"2":1,"3":1},"f":{"0":2},"b":{},"_coverageSchema":"1a1c01bbd47fc00a2c39e90264f33305004495a9","hash":"eeb4bd3194639bfc635995d5ec0993e652cb72bf"}
,"/Users/vietman2/workspace/Sweepseries/catchb/src/services/storage/asyncstorage.ts": {"path":"/Users/vietman2/workspace/Sweepseries/catchb/src/services/storage/asyncstorage.ts","statementMap":{"0":{"start":{"line":4,"column":2},"end":{"line":10,"column":3}},"1":{"start":{"line":5,"column":4},"end":{"line":5,"column":39}},"2":{"start":{"line":7,"column":4},"end":{"line":7,"column":21}},"3":{"start":{"line":9,"column":4},"end":{"line":9,"column":19}},"4":{"start":{"line":14,"column":2},"end":{"line":20,"column":3}},"5":{"start":{"line":15,"column":4},"end":{"line":15,"column":43}},"6":{"start":{"line":17,"column":4},"end":{"line":17,"column":21}},"7":{"start":{"line":19,"column":4},"end":{"line":19,"column":19}},"8":{"start":{"line":24,"column":2},"end":{"line":28,"column":3}},"9":{"start":{"line":25,"column":4},"end":{"line":25,"column":43}},"10":{"start":{"line":27,"column":4},"end":{"line":27,"column":16}}},"fnMap":{"0":{"name":"removeStorage","decl":{"start":{"line":3,"column":22},"end":{"line":3,"column":35}},"loc":{"start":{"line":3,"column":49},"end":{"line":11,"column":1}},"line":3},"1":{"name":"saveStorage","decl":{"start":{"line":13,"column":22},"end":{"line":13,"column":33}},"loc":{"start":{"line":13,"column":62},"end":{"line":21,"column":1}},"line":13},"2":{"name":"getStorage","decl":{"start":{"line":23,"column":22},"end":{"line":23,"column":32}},"loc":{"start":{"line":23,"column":46},"end":{"line":29,"column":1}},"line":23}},"branchMap":{},"s":{"0":2,"1":2,"2":1,"3":1,"4":2,"5":2,"6":1,"7":1,"8":2,"9":2,"10":1},"f":{"0":2,"1":2,"2":2},"b":{},"_coverageSchema":"1a1c01bbd47fc00a2c39e90264f33305004495a9","hash":"c43eb12db946e05b47db05cb09c413f87aea7bb0"}
,"/Users/vietman2/workspace/Sweepseries/catchb/src/services/storage/secure.ts": {"path":"/Users/vietman2/workspace/Sweepseries/catchb/src/services/storage/secure.ts","statementMap":{"0":{"start":{"line":4,"column":2},"end":{"line":4,"column":45}},"1":{"start":{"line":8,"column":2},"end":{"line":8,"column":45}},"2":{"start":{"line":12,"column":2},"end":{"line":12,"column":41}}},"fnMap":{"0":{"name":"saveSecure","decl":{"start":{"line":3,"column":22},"end":{"line":3,"column":32}},"loc":{"start":{"line":3,"column":61},"end":{"line":5,"column":1}},"line":3},"1":{"name":"getSecure","decl":{"start":{"line":7,"column":22},"end":{"line":7,"column":31}},"loc":{"start":{"line":7,"column":45},"end":{"line":9,"column":1}},"line":7},"2":{"name":"removeSecure","decl":{"start":{"line":11,"column":22},"end":{"line":11,"column":34}},"loc":{"start":{"line":11,"column":48},"end":{"line":13,"column":1}},"line":11}},"branchMap":{},"s":{"0":1,"1":1,"2":1},"f":{"0":1,"1":1,"2":1},"b":{},"_coverageSchema":"1a1c01bbd47fc00a2c39e90264f33305004495a9","hash":"53786efe57c199cdd4e7767883ac95a74944ad01"}
}
