TN:
SF:src/contexts/auth/AuthContext.tsx
FN:20,(anonymous_0)
FN:25,(anonymous_1)
FN:55,(anonymous_2)
FN:84,(anonymous_3)
FN:106,(anonymous_4)
FN:107,(anonymous_5)
FN:143,(anonymous_6)
FN:144,(anonymous_7)
FN:175,(anonymous_8)
FN:180,(anonymous_9)
FN:185,(anonymous_10)
FNF:11
FNH:11
FNDA:7,(anonymous_0)
FNDA:2,(anonymous_1)
FNDA:3,(anonymous_2)
FNDA:3,(anonymous_3)
FNDA:7,(anonymous_4)
FNDA:9,(anonymous_5)
FNDA:1,(anonymous_6)
FNDA:3,(anonymous_7)
FNDA:7,(anonymous_8)
FNDA:7,(anonymous_9)
FNDA:10,(anonymous_10)
DA:18,1
DA:20,1
DA:23,7
DA:25,7
DA:29,2
DA:30,2
DA:43,2
DA:47,1
DA:49,1
DA:51,1
DA:55,7
DA:56,3
DA:57,3
DA:69,3
DA:70,1
DA:73,1
DA:76,1
DA:78,1
DA:80,1
DA:84,7
DA:88,3
DA:89,3
DA:91,2
DA:95,2
DA:96,2
DA:98,2
DA:100,2
DA:102,1
DA:106,7
DA:107,7
DA:112,9
DA:113,9
DA:114,8
DA:126,8
DA:129,5
DA:131,5
DA:133,4
DA:134,4
DA:136,4
DA:138,4
DA:142,7
DA:143,1
DA:145,3
DA:147,3
DA:153,2
DA:155,2
DA:156,2
DA:157,1
DA:159,1
DA:162,1
DA:164,1
DA:167,2
DA:172,7
DA:175,7
DA:176,7
DA:180,7
DA:182,7
DA:185,1
DA:186,10
DA:188,9
DA:189,2
DA:191,7
LF:62
LH:62
BRDA:69,0,0,1
BRDA:69,0,1,1
BRDA:147,1,0,2
BRDA:147,1,1,1
BRDA:148,2,0,3
BRDA:148,2,1,3
BRDA:148,2,2,2
BRDA:148,2,3,2
BRDA:156,3,0,1
BRDA:156,3,1,1
BRDA:188,4,0,2
BRDA:188,4,1,7
BRF:12
BRH:12
end_of_record
TN:
SF:src/contexts/theme/ThemeContext.tsx
FN:16,(anonymous_0)
FN:24,(anonymous_1)
FN:30,(anonymous_2)
FN:37,useTheme
FNF:4
FNH:4
FNDA:2,(anonymous_0)
FNDA:2,(anonymous_1)
FNDA:2,(anonymous_2)
FNDA:2,useTheme
DA:11,1
DA:16,1
DA:19,2
DA:20,2
DA:24,2
DA:25,2
DA:28,2
DA:30,2
DA:32,2
DA:38,2
LF:10
LH:10
BRDA:21,0,0,1
BRDA:21,0,1,1
BRDA:25,1,0,1
BRDA:25,1,1,1
BRDA:28,2,0,1
BRDA:28,2,1,1
BRF:6
BRH:6
end_of_record
TN:
SF:src/contexts/theme/colors.ts
FNF:0
FNH:0
DA:14,1
DA:27,1
LF:2
LH:2
BRF:0
BRH:0
end_of_record
TN:
SF:src/services/app/initialize.ts
FN:3,initialize
FNF:1
FNH:1
FNDA:2,initialize
DA:4,2
DA:5,2
DA:7,1
DA:9,1
LF:4
LH:4
BRF:0
BRH:0
end_of_record
TN:
SF:src/services/storage/asyncstorage.ts
FN:3,removeStorage
FN:13,saveStorage
FN:23,getStorage
FNF:3
FNH:3
FNDA:2,removeStorage
FNDA:2,saveStorage
FNDA:2,getStorage
DA:4,2
DA:5,2
DA:7,1
DA:9,1
DA:14,2
DA:15,2
DA:17,1
DA:19,1
DA:24,2
DA:25,2
DA:27,1
LF:11
LH:11
BRF:0
BRH:0
end_of_record
TN:
SF:src/services/storage/secure.ts
FN:3,saveSecure
FN:7,getSecure
FN:11,removeSecure
FNF:3
FNH:3
FNDA:1,saveSecure
FNDA:1,getSecure
FNDA:1,removeSecure
DA:4,1
DA:8,1
DA:12,1
LF:3
LH:3
BRF:0
BRH:0
end_of_record
